6
12
https://github.com/daisycamber/lotteharperlocal.git
6s/GIT_REPO.*/GIT_REPO="https:\/\/github.com\/daisycamber\/lotteharperlocal.git"/g
https://gitlab.com/charlotte-harper/lottehlocal2025-05-16.git
3s/GIT_REPO.*/GIT_REPO="https:\/\/gitlab.com\/charlotte-harper\/lottehlocal2025-05-16.git"/g
setuptools==58.2.0
twilio
autocorrect
paramiko
ccxt
numpy
urllib3
webauthn
Reinitialized existing Git repository in /home/team/lotteh/.git/
[main 04d00299] backup
 16 files changed, 59 insertions(+), 13 deletions(-)
 mode change 100755 => 100644 shell/__pycache__/execute_timeout.cpython-312.pyc
 mode change 100755 => 100644 shell/__pycache__/reload.cpython-312.pyc
sending incremental file list
./
.gitignore
backup.log
backup_date.txt
backup_init_date.txt
celerybeat-schedule
email_list.txt
requirements.txt
upload_youtube.py
config/
config/Xwrapper.config
config/apis-example.json
config/apis.json
config/ascripts
config/banner
config/config-example.json
config/config.json
config/crontab
config/etc_default_celery
config/etc_default_opendkim
config/etc_dovecot_conf.d_10-auth.conf
config/etc_dovecot_conf.d_10-mail.conf
config/etc_dovecot_conf.d_10-master.conf
config/etc_dovecot_dovecot.conf
config/etc_dovecot_passwd
config/etc_init.d_celery
config/etc_init.d_celerybeat
config/etc_opendkim.conf
config/etc_pam.d_login
config/etc_pam.d_sshd
config/etc_postfix_main.cf
config/etc_postfix_master.cf
config/etc_systemd_system_celery.service
config/etc_systemd_system_celerybeat.service
config/etc_systemd_system_daphne.service
config/etc_systemd_system_stun.service
config/lotteh-le-ssl.conf
config/postgresql.conf
config/sudoers
config/vd-model.py
config/vd-requirements.txt
data/
data/address.json.aa
data/audio.json.aa
data/auth.json.aa
data/barcode.json.aa
data/birthcontrol.json.aa
data/chat.json.aa
data/contact.json.aa
data/crypto.json.aa
data/feed.bid.json.aa
data/feed.post.json.aa
data/games.json.aa
data/live.json.aa
data/payments.json.aa
data/security.biometric.json.aa
data/security.credential.json.aa
data/security.mrzscan.json.aa
data/security.nfcscan.json.aa
data/security.otptoken.json.aa
data/security.pincode.json.aa
data/security.securityprofile.json.aa
data/security.session.json.aa
data/security.useripaddress.json.aa
data/security.userlogin.json.aa
data/security.usersession.json.aa
data/security.vivokeyscan.json.aa
data/sessions.json.aa
data/survey.json.aa
data/translate.json.aa
data/tts.json.aa
data/users.profile.json.aa
data/vendors.json.aa
data/verify.json.aa
data/voice.json.aa
data/webauth.json.aa
data/webpush.json.aa
live/
log/commands.log
lotteh/
lotteh/celery.py
lotteh/__pycache__/
lotteh/__pycache__/celery.cpython-312.pyc
mailbox/nobody
mailbox/root
mailbox/team
scripts/
scripts/activate
scripts/ascript
scripts/ascripts
scripts/asyncbackup
scripts/backup
scripts/catkeys
scripts/check
scripts/client.py
scripts/cmds
scripts/commitlog
scripts/compinfo
scripts/daphnereload
scripts/dbinfo
scripts/disgpu
scripts/doreload
scripts/enagpu
scripts/finishsetup
scripts/fixfile
scripts/imagecounts
scripts/init
scripts/initialize
scripts/inspecttask
scripts/json.py
scripts/jump
scripts/lockout
scripts/logs
scripts/logssh
scripts/mailtest
scripts/makemigrate
scripts/nude.py
scripts/opendkimkey
scripts/patchvenv
scripts/psaux
scripts/purgecache
scripts/purgegit
scripts/pushweb
scripts/reinstallredis
scripts/reload
scripts/resetredis
scripts/resetvenv
scripts/restartservices
scripts/rotatekeys
scripts/safepoweroff
scripts/safereboot
scripts/setp
scripts/setup
scripts/setupisfinished
scripts/startservices
scripts/statuses
scripts/stopservices
scripts/updateupgrade
scripts/watchcmd
scripts/watchlen
scripts/watchlogs
scripts/webauth_views.py
shell/__pycache__/
shell/__pycache__/execute_timeout.cpython-312.pyc
shell/__pycache__/reload.cpython-312.pyc
temp/
temp/2470784c-e5d5-49ca-9abc-013f717bffbc.txt
temp/2d0eb9b9-c87d-4938-9580-e4d6baf433a0.txt
temp/3e0d9fc9-1d72-406a-bebd-9855f6f8a347.txt
temp/7f468522-e0ea-456c-b90f-c93a92231a95.txt
temp/92d97177-55c5-47c8-939a-1b7436e08b28.txt
temp/c630305f-54b9-4a17-af06-98f58ba09262.txt

sent 5,062,664 bytes  received 5,191 bytes  10,135,710.00 bytes/sec
total size is 1,356,583,312  speedup is 267.68
Reinitialized existing Git repository in /home/team/lotteh-backup-open/.git/
[main 63b5e40d] open source
 8 files changed, 10 insertions(+), 4563 deletions(-)
